2019-11-17T20:47:59.386Z|verbose|start crawling in.gr, country
2019-11-17T20:48:39.039Z|verbose|infooooo
2019-12-30T11:41:08.760Z|verbose|start crawling undefined, country
2019-12-30T11:41:10.846Z|verbose|0/20 parsed, 0 stored in 2088ms.
2019-12-30T11:41:12.859Z|verbose|start crawling undefined, world
2019-12-30T11:41:14.637Z|verbose|0/20 parsed, 0 stored in 1779ms.
2019-12-30T11:41:16.640Z|verbose|start crawling undefined, science
2019-12-30T11:41:17.441Z|verbose|0/2 parsed, 0 stored in 802ms.
2019-12-30T11:41:19.447Z|verbose|start crawling undefined, economy
2019-12-30T11:41:21.462Z|verbose|0/20 parsed, 0 stored in 2015ms.
2019-12-30T11:41:23.474Z|verbose|start crawling undefined, sports
2019-12-30T11:41:24.975Z|verbose|0/20 parsed, 0 stored in 1501ms.
2019-12-30T11:41:26.980Z|verbose|start crawling undefined, country
2019-12-30T11:41:27.899Z|error|undefined
2019-12-30T11:45:32.067Z|verbose|start crawling newsbomb.gr, country
2019-12-30T11:45:33.264Z|error|undefined
2019-12-30T11:45:35.270Z|verbose|start crawling newsbomb.gr, country
2019-12-30T11:45:35.424Z|error|undefined
2019-12-30T11:45:55.059Z|verbose|start crawling newsbomb.gr, country
2019-12-30T11:46:39.883Z|verbose|start crawling newsbomb.gr, country
2019-12-30T12:45:56.819Z|verbose|50/50 parsed, 50 stored in 3556938ms.
2019-12-30T12:46:04.106Z|verbose|start crawling newsbomb.gr, world
2019-12-30T12:46:10.293Z|verbose|50/50 parsed, 50 stored in 6766ms.
2019-12-30T12:46:19.969Z|verbose|start crawling newsbomb.gr, economy
2019-12-30T12:46:23.713Z|verbose|10/10 parsed, 10 stored in 3745ms.
2019-12-30T12:46:25.719Z|verbose|start crawling newsbomb.gr, sports
2019-12-30T12:46:26.518Z|verbose|10/10 parsed, 10 stored in 798ms.
2019-12-30T12:46:28.523Z|verbose|start crawling newsbeast.gr, country
2019-12-30T12:46:29.235Z|verbose|10/10 parsed, 10 stored in 713ms.
2019-12-30T12:46:33.100Z|verbose|start crawling newsbeast.gr, world
2019-12-30T12:46:33.758Z|verbose|10/10 parsed, 10 stored in 659ms.
2019-12-30T12:47:04.538Z|verbose|start crawling in.gr, country
2019-12-30T12:47:06.006Z|verbose|20/20 parsed, 20 stored in 1470ms.
2019-12-30T12:47:08.012Z|verbose|start crawling in.gr, world
2019-12-30T12:47:09.185Z|verbose|20/20 parsed, 20 stored in 1173ms.
2019-12-30T12:47:11.188Z|verbose|start crawling in.gr, science
2019-12-30T12:47:11.781Z|verbose|1/1 parsed, 1 stored in 594ms.
2019-12-30T12:47:13.785Z|verbose|start crawling in.gr, economy
2019-12-30T12:47:14.793Z|verbose|20/20 parsed, 20 stored in 1008ms.
2019-12-30T12:47:16.805Z|verbose|start crawling in.gr, sports
2019-12-30T12:47:27.228Z|error|undefined
2019-12-30T12:47:29.233Z|verbose|start crawling in.gr, sports
2019-12-30T12:47:30.585Z|verbose|20/20 parsed, 20 stored in 1352ms.
2019-12-30T12:47:32.595Z|verbose|start crawling newsbomb.gr, country
2019-12-30T12:47:33.957Z|verbose|50/50 parsed, 1 stored in 1362ms.
2019-12-30T12:47:35.970Z|verbose|start crawling newsbomb.gr, world
2019-12-30T12:47:36.969Z|verbose|50/50 parsed, 0 stored in 1000ms.
2019-12-30T12:47:38.976Z|verbose|start crawling newsbomb.gr, economy
2019-12-30T12:47:39.579Z|verbose|10/10 parsed, 0 stored in 602ms.
2019-12-30T12:47:41.582Z|verbose|start crawling newsbomb.gr, sports
2019-12-30T12:47:42.238Z|verbose|10/10 parsed, 0 stored in 657ms.
2019-12-30T12:47:44.247Z|verbose|start crawling newsbeast.gr, country
2019-12-30T12:47:45.046Z|verbose|10/10 parsed, 0 stored in 799ms.
2019-12-30T12:47:47.066Z|verbose|start crawling newsbeast.gr, world
2019-12-30T12:47:47.594Z|verbose|10/10 parsed, 0 stored in 529ms.
2019-12-30T12:47:49.603Z|verbose|start crawling newsbeast.gr, science
2019-12-30T12:47:50.231Z|verbose|10/10 parsed, 10 stored in 628ms.
2019-12-30T12:47:52.236Z|verbose|start crawling newsbeast.gr, economy
2019-12-30T12:47:52.821Z|verbose|10/10 parsed, 10 stored in 586ms.
2019-12-30T12:47:54.827Z|verbose|start crawling newsbeast.gr, sports
2019-12-30T12:47:55.330Z|verbose|10/10 parsed, 10 stored in 504ms.
2019-12-30T12:47:57.337Z|verbose|start crawling protothema.gr, country
2019-12-30T12:47:58.455Z|verbose|100/100 parsed, 100 stored in 1118ms.
2019-12-30T12:48:00.461Z|verbose|start crawling protothema.gr, science
2019-12-30T12:48:01.471Z|verbose|100/100 parsed, 100 stored in 1010ms.
2019-12-30T12:48:03.483Z|verbose|start crawling protothema.gr, economy
2019-12-30T12:48:04.320Z|verbose|100/100 parsed, 100 stored in 837ms.
2019-12-30T12:48:06.323Z|verbose|start crawling protothema.gr, sports
2019-12-30T12:48:07.352Z|verbose|100/100 parsed, 100 stored in 1029ms.
2019-12-30T12:48:09.360Z|verbose|start crawling in.gr, country
2019-12-30T12:48:10.791Z|verbose|20/20 parsed, 0 stored in 1431ms.
2019-12-30T12:48:12.796Z|verbose|start crawling in.gr, world
2019-12-30T12:48:13.843Z|verbose|20/20 parsed, 0 stored in 1048ms.
2019-12-30T12:48:15.850Z|verbose|start crawling in.gr, science
2019-12-30T12:48:16.344Z|error|undefined
2019-12-30T12:48:18.347Z|verbose|start crawling in.gr, science
2019-12-30T12:48:18.800Z|error|undefined
2019-12-30T12:48:20.806Z|verbose|start crawling in.gr, science
2019-12-30T12:48:21.295Z|error|undefined
2019-12-30T12:48:23.301Z|verbose|start crawling in.gr, science
2019-12-30T12:48:23.907Z|error|undefined
2019-12-30T12:48:25.911Z|verbose|start crawling in.gr, science
2019-12-30T12:48:26.407Z|error|undefined
2019-12-30T12:48:28.411Z|verbose|start crawling in.gr, science
2019-12-30T12:48:28.977Z|error|undefined
2019-12-30T12:48:30.980Z|verbose|start crawling in.gr, science
2019-12-30T12:48:31.474Z|error|undefined
2019-12-30T12:48:33.477Z|verbose|start crawling in.gr, science
2019-12-30T12:48:33.975Z|error|undefined
2019-12-30T12:48:35.981Z|verbose|start crawling in.gr, science
2019-12-30T12:48:36.471Z|error|undefined
2019-12-30T12:48:38.472Z|verbose|start crawling in.gr, science
2019-12-30T12:48:38.945Z|error|undefined
2019-12-30T12:52:30.967Z|verbose|start crawling in.gr, science
2019-12-30T12:55:37.388Z|verbose|start crawling in.gr, science
2019-12-30T13:08:26.366Z|verbose|start crawling in.gr, science
2019-12-30T13:09:32.106Z|verbose|start crawling in.gr, science
2019-12-30T13:10:20.525Z|verbose|start crawling in.gr, science
2019-12-30T13:10:24.199Z|verbose|1/1 parsed, 0 stored in 3675ms.
2019-12-30T13:10:26.206Z|verbose|start crawling in.gr, economy
2019-12-30T13:11:06.399Z|verbose|start crawling in.gr, economy
2019-12-30T13:11:07.858Z|verbose|20/20 parsed, 0 stored in 1461ms.
2019-12-30T13:11:09.863Z|verbose|start crawling in.gr, sports
2019-12-30T13:11:11.813Z|verbose|20/20 parsed, 2 stored in 1950ms.
2019-12-30T13:11:13.821Z|verbose|start crawling newsbomb.gr, country
2019-12-30T13:11:15.237Z|verbose|50/50 parsed, 1 stored in 1417ms.
2019-12-30T13:11:17.242Z|verbose|start crawling newsbomb.gr, world
2019-12-30T13:11:18.436Z|verbose|50/50 parsed, 0 stored in 1194ms.
2019-12-30T13:11:20.451Z|verbose|start crawling newsbomb.gr, economy
2019-12-30T13:11:21.354Z|verbose|10/10 parsed, 1 stored in 904ms.
2019-12-30T13:11:23.360Z|verbose|start crawling newsbomb.gr, sports
2019-12-30T13:11:24.264Z|verbose|10/10 parsed, 1 stored in 904ms.
2019-12-30T13:11:26.267Z|verbose|start crawling newsbeast.gr, country
2019-12-30T13:11:27.536Z|verbose|10/10 parsed, 3 stored in 1269ms.
2019-12-30T13:11:29.544Z|verbose|start crawling newsbeast.gr, world
2019-12-30T13:11:30.222Z|verbose|10/10 parsed, 2 stored in 679ms.
2019-12-30T13:11:32.226Z|verbose|start crawling newsbeast.gr, science
2019-12-30T13:11:33.159Z|verbose|10/10 parsed, 0 stored in 934ms.
2019-12-30T13:11:35.164Z|verbose|start crawling newsbeast.gr, economy
2019-12-30T13:11:35.731Z|verbose|10/10 parsed, 0 stored in 567ms.
2019-12-30T13:11:37.738Z|verbose|start crawling newsbeast.gr, sports
2019-12-30T13:11:38.286Z|verbose|10/10 parsed, 0 stored in 548ms.
2019-12-30T13:11:40.295Z|verbose|start crawling protothema.gr, country
2019-12-30T13:11:41.763Z|verbose|100/100 parsed, 4 stored in 1469ms.
2019-12-30T13:11:43.768Z|verbose|start crawling protothema.gr, science
2019-12-30T13:11:44.871Z|verbose|100/100 parsed, 0 stored in 1104ms.
2019-12-30T13:11:46.878Z|verbose|start crawling protothema.gr, economy
2019-12-30T13:11:47.814Z|verbose|100/100 parsed, 1 stored in 936ms.
2019-12-30T13:11:49.817Z|verbose|start crawling protothema.gr, sports
2019-12-30T13:11:50.709Z|verbose|100/100 parsed, 2 stored in 891ms.
2019-12-30T13:11:52.722Z|verbose|start crawling in.gr, country
2019-12-30T13:11:53.740Z|verbose|20/20 parsed, 1 stored in 1018ms.
2019-12-30T13:11:55.744Z|verbose|start crawling in.gr, world
2019-12-30T13:11:56.926Z|verbose|20/20 parsed, 1 stored in 1183ms.
2019-12-30T13:11:58.932Z|verbose|start crawling in.gr, science
2019-12-30T13:11:59.723Z|verbose|1/1 parsed, 0 stored in 792ms.
2019-12-30T13:12:01.731Z|verbose|start crawling in.gr, economy
2019-12-30T13:12:02.894Z|verbose|20/20 parsed, 0 stored in 1163ms.
2019-12-30T13:12:04.900Z|verbose|start crawling in.gr, sports
2019-12-30T13:12:06.016Z|verbose|20/20 parsed, 1 stored in 1115ms.
2019-12-30T13:12:08.024Z|verbose|start crawling newsbomb.gr, country
2019-12-30T13:12:08.744Z|verbose|50/50 parsed, 0 stored in 720ms.
2019-12-30T13:12:10.749Z|verbose|start crawling newsbomb.gr, world
2019-12-30T13:12:11.393Z|verbose|50/50 parsed, 0 stored in 644ms.
2019-12-30T13:12:13.403Z|verbose|start crawling newsbomb.gr, economy
2019-12-30T13:12:13.722Z|verbose|10/10 parsed, 0 stored in 319ms.
2019-12-30T13:12:15.727Z|verbose|start crawling newsbomb.gr, sports
2019-12-30T13:12:16.157Z|verbose|10/10 parsed, 0 stored in 429ms.
2019-12-30T13:12:18.160Z|verbose|start crawling newsbeast.gr, country
2019-12-30T13:12:18.668Z|verbose|10/10 parsed, 0 stored in 509ms.
2019-12-30T13:12:20.674Z|verbose|start crawling newsbeast.gr, world
2019-12-30T13:12:21.296Z|verbose|10/10 parsed, 0 stored in 622ms.
2019-12-30T13:12:23.303Z|verbose|start crawling newsbeast.gr, science
2019-12-30T13:12:23.894Z|verbose|10/10 parsed, 0 stored in 592ms.
2019-12-30T13:12:25.903Z|verbose|start crawling newsbeast.gr, economy
2019-12-30T13:12:26.583Z|verbose|10/10 parsed, 0 stored in 681ms.
2019-12-30T13:12:28.589Z|verbose|start crawling newsbeast.gr, sports
2019-12-30T13:12:29.139Z|verbose|10/10 parsed, 0 stored in 550ms.
2019-12-30T13:12:31.152Z|verbose|start crawling protothema.gr, country
2019-12-30T13:12:32.105Z|verbose|100/100 parsed, 0 stored in 954ms.
2019-12-30T13:12:34.112Z|verbose|start crawling protothema.gr, science
2019-12-30T13:12:35.338Z|verbose|100/100 parsed, 0 stored in 1226ms.
2019-12-30T13:12:37.348Z|verbose|start crawling protothema.gr, economy
2019-12-30T13:12:38.159Z|verbose|100/100 parsed, 0 stored in 812ms.
2019-12-30T13:12:40.165Z|verbose|start crawling protothema.gr, sports
2019-12-30T13:12:40.956Z|verbose|100/100 parsed, 0 stored in 792ms.
2019-12-30T13:12:42.966Z|verbose|start crawling in.gr, country
2019-12-30T13:12:43.994Z|verbose|20/20 parsed, 0 stored in 1028ms.
2019-12-30T13:12:46.000Z|verbose|start crawling in.gr, world
2019-12-30T13:12:47.930Z|verbose|20/20 parsed, 0 stored in 1930ms.
2019-12-30T13:12:49.937Z|verbose|start crawling in.gr, science
2019-12-30T13:12:50.655Z|verbose|1/1 parsed, 0 stored in 718ms.
2019-12-30T13:12:52.663Z|verbose|start crawling in.gr, economy
2019-12-30T13:12:53.936Z|verbose|20/20 parsed, 1 stored in 1273ms.
2019-12-30T13:12:55.942Z|verbose|start crawling in.gr, sports
2019-12-30T13:12:57.282Z|verbose|20/20 parsed, 0 stored in 1339ms.
2019-12-30T13:12:59.297Z|verbose|start crawling newsbomb.gr, country
2019-12-30T13:13:00.491Z|verbose|50/50 parsed, 0 stored in 1195ms.
2019-12-30T13:13:02.500Z|verbose|start crawling newsbomb.gr, world
2019-12-30T13:13:05.625Z|verbose|50/50 parsed, 0 stored in 3126ms.
2019-12-30T13:13:07.637Z|verbose|start crawling newsbomb.gr, economy
2019-12-30T13:13:08.359Z|verbose|10/10 parsed, 0 stored in 721ms.
2019-12-30T13:13:10.366Z|verbose|start crawling newsbomb.gr, sports
2019-12-30T13:13:10.723Z|verbose|10/10 parsed, 0 stored in 357ms.
